  search.cpp
  Алгоритмы поиска.cpp
C:\Users\HP\Desktop\SAOD\Алгоритмы поиска\search.h(10,20): warning C4018:  <: несоответствие типов со знаком и без знака
C:\Users\HP\Desktop\SAOD\Алгоритмы поиска\Алгоритмы поиска.cpp(28): message :  выполняется компиляция ссылки на экземпляр шаблон функции "void rand_mass<int*>(T,unsigned int,int,int)"
C:\Users\HP\Desktop\SAOD\Алгоритмы поиска\Алгоритмы поиска.cpp(28): message :         with
C:\Users\HP\Desktop\SAOD\Алгоритмы поиска\Алгоритмы поиска.cpp(28): message :         [
C:\Users\HP\Desktop\SAOD\Алгоритмы поиска\Алгоритмы поиска.cpp(28): message :             T=int *
C:\Users\HP\Desktop\SAOD\Алгоритмы поиска\Алгоритмы поиска.cpp(28): message :         ]
C:\Users\HP\Desktop\SAOD\Алгоритмы поиска\search.h(11,17): warning C4244:  =: преобразование "int" в "float", возможна потеря данных
C:\Users\HP\Desktop\SAOD\Алгоритмы поиска\search.h(31,1): error C2679:  бинарный ">>": не найден оператор, принимающий правый операнд типа "main::MyStruct" (или приемлемое преобразование отсутствует)
C:\Program Files (x86)\Microsoft Visual Studio\2019\Community\VC\Tools\MSVC\14.22.27905\include\istream(289,39): message :  может быть "std::basic_istream<char,std::char_traits<char>> &std::basic_istream<char,std::char_traits<char>>::operator >>(std::basic_streambuf<char,std::char_traits<char>> *)"
C:\Program Files (x86)\Microsoft Visual Studio\2019\Community\VC\Tools\MSVC\14.22.27905\include\istream(285,39): message :  или       "std::basic_istream<char,std::char_traits<char>> &std::basic_istream<char,std::char_traits<char>>::operator >>(void *&)"
C:\Program Files (x86)\Microsoft Visual Studio\2019\Community\VC\Tools\MSVC\14.22.27905\include\istream(281,39): message :  или       "std::basic_istream<char,std::char_traits<char>> &std::basic_istream<char,std::char_traits<char>>::operator >>(long double &)"
C:\Program Files (x86)\Microsoft Visual Studio\2019\Community\VC\Tools\MSVC\14.22.27905\include\istream(277,39): message :  или       "std::basic_istream<char,std::char_traits<char>> &std::basic_istream<char,std::char_traits<char>>::operator >>(double &)"
C:\Program Files (x86)\Microsoft Visual Studio\2019\Community\VC\Tools\MSVC\14.22.27905\include\istream(273,39): message :  или       "std::basic_istream<char,std::char_traits<char>> &std::basic_istream<char,std::char_traits<char>>::operator >>(float &)"
C:\Program Files (x86)\Microsoft Visual Studio\2019\Community\VC\Tools\MSVC\14.22.27905\include\istream(269,39): message :  или       "std::basic_istream<char,std::char_traits<char>> &std::basic_istream<char,std::char_traits<char>>::operator >>(unsigned __int64 &)"
C:\Program Files (x86)\Microsoft Visual Studio\2019\Community\VC\Tools\MSVC\14.22.27905\include\istream(265,39): message :  или       "std::basic_istream<char,std::char_traits<char>> &std::basic_istream<char,std::char_traits<char>>::operator >>(__int64 &)"
C:\Program Files (x86)\Microsoft Visual Studio\2019\Community\VC\Tools\MSVC\14.22.27905\include\istream(261,39): message :  или       "std::basic_istream<char,std::char_traits<char>> &std::basic_istream<char,std::char_traits<char>>::operator >>(unsigned long &)"
C:\Program Files (x86)\Microsoft Visual Studio\2019\Community\VC\Tools\MSVC\14.22.27905\include\istream(257,39): message :  или       "std::basic_istream<char,std::char_traits<char>> &std::basic_istream<char,std::char_traits<char>>::operator >>(long &)"
C:\Program Files (x86)\Microsoft Visual Studio\2019\Community\VC\Tools\MSVC\14.22.27905\include\istream(253,39): message :  или       "std::basic_istream<char,std::char_traits<char>> &std::basic_istream<char,std::char_traits<char>>::operator >>(unsigned int &)"
C:\Program Files (x86)\Microsoft Visual Studio\2019\Community\VC\Tools\MSVC\14.22.27905\include\istream(245,39): message :  или       "std::basic_istream<char,std::char_traits<char>> &std::basic_istream<char,std::char_traits<char>>::operator >>(int &)"
C:\Program Files (x86)\Microsoft Visual Studio\2019\Community\VC\Tools\MSVC\14.22.27905\include\istream(241,39): message :  или       "std::basic_istream<char,std::char_traits<char>> &std::basic_istream<char,std::char_traits<char>>::operator >>(unsigned short &)"
C:\Program Files (x86)\Microsoft Visual Studio\2019\Community\VC\Tools\MSVC\14.22.27905\include\istream(209,39): message :  или       "std::basic_istream<char,std::char_traits<char>> &std::basic_istream<char,std::char_traits<char>>::operator >>(short &)"
C:\Program Files (x86)\Microsoft Visual Studio\2019\Community\VC\Tools\MSVC\14.22.27905\include\istream(205,39): message :  или       "std::basic_istream<char,std::char_traits<char>> &std::basic_istream<char,std::char_traits<char>>::operator >>(bool &)"
C:\Program Files (x86)\Microsoft Visual Studio\2019\Community\VC\Tools\MSVC\14.22.27905\include\istream(183,39): message :  или       "std::basic_istream<char,std::char_traits<char>> &std::basic_istream<char,std::char_traits<char>>::operator >>(std::ios_base &(__cdecl *)(std::ios_base &))"
C:\Program Files (x86)\Microsoft Visual Studio\2019\Community\VC\Tools\MSVC\14.22.27905\include\istream(178,39): message :  или       "std::basic_istream<char,std::char_traits<char>> &std::basic_istream<char,std::char_traits<char>>::operator >>(std::basic_ios<char,std::char_traits<char>> &(__cdecl *)(std::basic_ios<char,std::char_traits<char>> &))"
C:\Program Files (x86)\Microsoft Visual Studio\2019\Community\VC\Tools\MSVC\14.22.27905\include\istream(173,39): message :  или       "std::basic_istream<char,std::char_traits<char>> &std::basic_istream<char,std::char_traits<char>>::operator >>(std::basic_istream<char,std::char_traits<char>> &(__cdecl *)(std::basic_istream<char,std::char_traits<char>> &))"
C:\Program Files (x86)\Microsoft Visual Studio\2019\Community\VC\Tools\MSVC\14.22.27905\include\istream(829,38): message :  или       "std::basic_istream<char,std::char_traits<char>> &std::operator >><std::char_traits<char>>(std::basic_istream<char,std::char_traits<char>> &,unsigned char &)"
C:\Program Files (x86)\Microsoft Visual Studio\2019\Community\VC\Tools\MSVC\14.22.27905\include\istream(823,38): message :  или       "std::basic_istream<char,std::char_traits<char>> &std::operator >><std::char_traits<char>>(std::basic_istream<char,std::char_traits<char>> &,unsigned char *)"
C:\Program Files (x86)\Microsoft Visual Studio\2019\Community\VC\Tools\MSVC\14.22.27905\include\istream(817,38): message :  или       "std::basic_istream<char,std::char_traits<char>> &std::operator >><std::char_traits<char>>(std::basic_istream<char,std::char_traits<char>> &,signed char &)"
C:\Program Files (x86)\Microsoft Visual Studio\2019\Community\VC\Tools\MSVC\14.22.27905\include\istream(811,38): message :  или       "std::basic_istream<char,std::char_traits<char>> &std::operator >><std::char_traits<char>>(std::basic_istream<char,std::char_traits<char>> &,signed char *)"
C:\Users\HP\Desktop\SAOD\Алгоритмы поиска\search.h(31,1): message :  при попытке сопоставить список аргументов "(std::istream, main::MyStruct)"
C:\Users\HP\Desktop\SAOD\Алгоритмы поиска\Алгоритмы поиска.cpp(48): message :  выполняется компиляция ссылки на экземпляр шаблон функции "void input<main::MyStruct*>(T,int)"
C:\Users\HP\Desktop\SAOD\Алгоритмы поиска\Алгоритмы поиска.cpp(48): message :         with
C:\Users\HP\Desktop\SAOD\Алгоритмы поиска\Алгоритмы поиска.cpp(48): message :         [
C:\Users\HP\Desktop\SAOD\Алгоритмы поиска\Алгоритмы поиска.cpp(48): message :             T=main::MyStruct *
C:\Users\HP\Desktop\SAOD\Алгоритмы поиска\Алгоритмы поиска.cpp(48): message :         ]
C:\Users\HP\Desktop\SAOD\Алгоритмы поиска\search.h(40,1): error C2679:  бинарный "<<": не найден оператор, принимающий правый операнд типа "main::MyStruct" (или приемлемое преобразование отсутствует)
C:\Program Files (x86)\Microsoft Visual Studio\2019\Community\VC\Tools\MSVC\14.22.27905\include\ostream(437,39): message :  может быть "std::basic_ostream<char,std::char_traits<char>> &std::basic_ostream<char,std::char_traits<char>>::operator <<(std::basic_streambuf<char,std::char_traits<char>> *)"
C:\Program Files (x86)\Microsoft Visual Studio\2019\Community\VC\Tools\MSVC\14.22.27905\include\ostream(412,39): message :  или       "std::basic_ostream<char,std::char_traits<char>> &std::basic_ostream<char,std::char_traits<char>>::operator <<(const void *)"
C:\Program Files (x86)\Microsoft Visual Studio\2019\Community\VC\Tools\MSVC\14.22.27905\include\ostream(394,39): message :  или       "std::basic_ostream<char,std::char_traits<char>> &std::basic_ostream<char,std::char_traits<char>>::operator <<(long double)"
C:\Program Files (x86)\Microsoft Visual Studio\2019\Community\VC\Tools\MSVC\14.22.27905\include\ostream(376,39): message :  или       "std::basic_ostream<char,std::char_traits<char>> &std::basic_ostream<char,std::char_traits<char>>::operator <<(double)"
C:\Program Files (x86)\Microsoft Visual Studio\2019\Community\VC\Tools\MSVC\14.22.27905\include\ostream(358,39): message :  или       "std::basic_ostream<char,std::char_traits<char>> &std::basic_ostream<char,std::char_traits<char>>::operator <<(float)"
C:\Program Files (x86)\Microsoft Visual Studio\2019\Community\VC\Tools\MSVC\14.22.27905\include\ostream(340,39): message :  или       "std::basic_ostream<char,std::char_traits<char>> &std::basic_ostream<char,std::char_traits<char>>::operator <<(unsigned __int64)"
C:\Program Files (x86)\Microsoft Visual Studio\2019\Community\VC\Tools\MSVC\14.22.27905\include\ostream(322,39): message :  или       "std::basic_ostream<char,std::char_traits<char>> &std::basic_ostream<char,std::char_traits<char>>::operator <<(__int64)"
C:\Program Files (x86)\Microsoft Visual Studio\2019\Community\VC\Tools\MSVC\14.22.27905\include\ostream(304,39): message :  или       "std::basic_ostream<char,std::char_traits<char>> &std::basic_ostream<char,std::char_traits<char>>::operator <<(unsigned long)"
C:\Program Files (x86)\Microsoft Visual Studio\2019\Community\VC\Tools\MSVC\14.22.27905\include\ostream(286,39): message :  или       "std::basic_ostream<char,std::char_traits<char>> &std::basic_ostream<char,std::char_traits<char>>::operator <<(long)"
C:\Program Files (x86)\Microsoft Visual Studio\2019\Community\VC\Tools\MSVC\14.22.27905\include\ostream(268,39): message :  или       "std::basic_ostream<char,std::char_traits<char>> &std::basic_ostream<char,std::char_traits<char>>::operator <<(unsigned int)"
C:\Program Files (x86)\Microsoft Visual Studio\2019\Community\VC\Tools\MSVC\14.22.27905\include\ostream(248,39): message :  или       "std::basic_ostream<char,std::char_traits<char>> &std::basic_ostream<char,std::char_traits<char>>::operator <<(int)"
C:\Program Files (x86)\Microsoft Visual Studio\2019\Community\VC\Tools\MSVC\14.22.27905\include\ostream(230,39): message :  или       "std::basic_ostream<char,std::char_traits<char>> &std::basic_ostream<char,std::char_traits<char>>::operator <<(unsigned short)"
C:\Program Files (x86)\Microsoft Visual Studio\2019\Community\VC\Tools\MSVC\14.22.27905\include\ostream(202,39): message :  или       "std::basic_ostream<char,std::char_traits<char>> &std::basic_ostream<char,std::char_traits<char>>::operator <<(short)"
C:\Program Files (x86)\Microsoft Visual Studio\2019\Community\VC\Tools\MSVC\14.22.27905\include\ostream(184,39): message :  или       "std::basic_ostream<char,std::char_traits<char>> &std::basic_ostream<char,std::char_traits<char>>::operator <<(bool)"
C:\Program Files (x86)\Microsoft Visual Studio\2019\Community\VC\Tools\MSVC\14.22.27905\include\ostream(179,39): message :  или       "std::basic_ostream<char,std::char_traits<char>> &std::basic_ostream<char,std::char_traits<char>>::operator <<(std::ios_base &(__cdecl *)(std::ios_base &))"
C:\Program Files (x86)\Microsoft Visual Studio\2019\Community\VC\Tools\MSVC\14.22.27905\include\ostream(174,39): message :  или       "std::basic_ostream<char,std::char_traits<char>> &std::basic_ostream<char,std::char_traits<char>>::operator <<(std::basic_ios<char,std::char_traits<char>> &(__cdecl *)(std::basic_ios<char,std::char_traits<char>> &))"
C:\Program Files (x86)\Microsoft Visual Studio\2019\Community\VC\Tools\MSVC\14.22.27905\include\ostream(169,39): message :  или       "std::basic_ostream<char,std::char_traits<char>> &std::basic_ostream<char,std::char_traits<char>>::operator <<(std::basic_ostream<char,std::char_traits<char>> &(__cdecl *)(std::basic_ostream<char,std::char_traits<char>> &))"
C:\Program Files (x86)\Microsoft Visual Studio\2019\Community\VC\Tools\MSVC\14.22.27905\include\ostream(931,39): message :  или       "std::basic_ostream<char,std::char_traits<char>> &std::operator <<<char,std::char_traits<char>>(std::basic_ostream<char,std::char_traits<char>> &,const std::error_code &)"
C:\Program Files (x86)\Microsoft Visual Studio\2019\Community\VC\Tools\MSVC\14.22.27905\include\ostream(876,38): message :  или       "std::basic_ostream<char,std::char_traits<char>> &std::operator <<<std::char_traits<char>>(std::basic_ostream<char,std::char_traits<char>> &,unsigned char)"
C:\Program Files (x86)\Microsoft Visual Studio\2019\Community\VC\Tools\MSVC\14.22.27905\include\ostream(870,38): message :  или       "std::basic_ostream<char,std::char_traits<char>> &std::operator <<<std::char_traits<char>>(std::basic_ostream<char,std::char_traits<char>> &,const unsigned char *)"
C:\Program Files (x86)\Microsoft Visual Studio\2019\Community\VC\Tools\MSVC\14.22.27905\include\ostream(864,38): message :  или       "std::basic_ostream<char,std::char_traits<char>> &std::operator <<<std::char_traits<char>>(std::basic_ostream<char,std::char_traits<char>> &,signed char)"
C:\Program Files (x86)\Microsoft Visual Studio\2019\Community\VC\Tools\MSVC\14.22.27905\include\ostream(858,38): message :  или       "std::basic_ostream<char,std::char_traits<char>> &std::operator <<<std::char_traits<char>>(std::basic_ostream<char,std::char_traits<char>> &,const signed char *)"
C:\Program Files (x86)\Microsoft Visual Studio\2019\Community\VC\Tools\MSVC\14.22.27905\include\ostream(739,38): message :  или       "std::basic_ostream<char,std::char_traits<char>> &std::operator <<<std::char_traits<char>>(std::basic_ostream<char,std::char_traits<char>> &,char)"
C:\Program Files (x86)\Microsoft Visual Studio\2019\Community\VC\Tools\MSVC\14.22.27905\include\ostream(694,38): message :  или       "std::basic_ostream<char,std::char_traits<char>> &std::operator <<<std::char_traits<char>>(std::basic_ostream<char,std::char_traits<char>> &,const char *)"
C:\Program Files (x86)\Microsoft Visual Studio\2019\Community\VC\Tools\MSVC\14.22.27905\include\ostream(658,39): message :  или       "std::basic_ostream<char,std::char_traits<char>> &std::operator <<<char,std::char_traits<char>>(std::basic_ostream<char,std::char_traits<char>> &,char)"
C:\Program Files (x86)\Microsoft Visual Studio\2019\Community\VC\Tools\MSVC\14.22.27905\include\ostream(613,39): message :  или       "std::basic_ostream<char,std::char_traits<char>> &std::operator <<<char,std::char_traits<char>>(std::basic_ostream<char,std::char_traits<char>> &,const char *)"
C:\Users\HP\Desktop\SAOD\Алгоритмы поиска\search.h(40,1): message :  при попытке сопоставить список аргументов "(std::ostream, main::MyStruct)"
C:\Users\HP\Desktop\SAOD\Алгоритмы поиска\Алгоритмы поиска.cpp(50): message :  выполняется компиляция ссылки на экземпляр шаблон функции "void output<main::MyStruct*>(T,int)"
C:\Users\HP\Desktop\SAOD\Алгоритмы поиска\Алгоритмы поиска.cpp(50): message :         with
C:\Users\HP\Desktop\SAOD\Алгоритмы поиска\Алгоритмы поиска.cpp(50): message :         [
C:\Users\HP\Desktop\SAOD\Алгоритмы поиска\Алгоритмы поиска.cpp(50): message :             T=main::MyStruct *
C:\Users\HP\Desktop\SAOD\Алгоритмы поиска\Алгоритмы поиска.cpp(50): message :         ]
C:\Users\HP\Desktop\SAOD\Алгоритмы поиска\search.h(19,1): error C2678:  бинарный "==": не найден оператор, принимающий левый операнд типа "main::MyStruct" (или приемлемое преобразование отсутствует)
C:\Program Files (x86)\Microsoft Visual Studio\2019\Community\VC\Tools\MSVC\14.22.27905\include\system_error(231,24): message :  может быть "bool std::operator ==(const std::error_condition &,const std::error_condition &) noexcept"
C:\Program Files (x86)\Microsoft Visual Studio\2019\Community\VC\Tools\MSVC\14.22.27905\include\system_error(226,24): message :  или       "bool std::operator ==(const std::error_condition &,const std::error_code &) noexcept"
C:\Program Files (x86)\Microsoft Visual Studio\2019\Community\VC\Tools\MSVC\14.22.27905\include\system_error(221,24): message :  или       "bool std::operator ==(const std::error_code &,const std::error_condition &) noexcept"
C:\Program Files (x86)\Microsoft Visual Studio\2019\Community\VC\Tools\MSVC\14.22.27905\include\system_error(216,24): message :  или       "bool std::operator ==(const std::error_code &,const std::error_code &) noexcept"
C:\Program Files (x86)\Microsoft Visual Studio\2019\Community\VC\Tools\MSVC\14.22.27905\include\exception(289,24): message :  или       "bool std::operator ==(const std::exception_ptr &,std::nullptr_t) noexcept"
C:\Program Files (x86)\Microsoft Visual Studio\2019\Community\VC\Tools\MSVC\14.22.27905\include\exception(285,24): message :  или       "bool std::operator ==(std::nullptr_t,const std::exception_ptr &) noexcept"
C:\Program Files (x86)\Microsoft Visual Studio\2019\Community\VC\Tools\MSVC\14.22.27905\include\exception(281,24): message :  или       "bool std::operator ==(const std::exception_ptr &,const std::exception_ptr &) noexcept"
C:\Users\HP\Desktop\SAOD\Алгоритмы поиска\search.h(19,1): message :  при попытке сопоставить список аргументов "(main::MyStruct, int)"
  Создание кода...
C:\Users\HP\Desktop\SAOD\Алгоритмы поиска\Алгоритмы поиска.cpp(51): message :  выполняется компиляция ссылки на экземпляр шаблон функции "std::string search<main::MyStruct*>(T,int,int)"
C:\Users\HP\Desktop\SAOD\Алгоритмы поиска\Алгоритмы поиска.cpp(51): message :         with
C:\Users\HP\Desktop\SAOD\Алгоритмы поиска\Алгоритмы поиска.cpp(51): message :         [
C:\Users\HP\Desktop\SAOD\Алгоритмы поиска\Алгоритмы поиска.cpp(51): message :             T=main::MyStruct *
C:\Users\HP\Desktop\SAOD\Алгоритмы поиска\Алгоритмы поиска.cpp(51): message :         ]
